<?xml version="1.0" encoding="UTF-8"?>
<testsuite name="com.geek45.AppTest" tests="1" skipped="0" failures="0" errors="0" timestamp="2022-01-24T08:31:44" hostname="laoqianlaoqiandeMacBook-Pro.local" time="0.322">
  <properties/>
  <testcase name="测试端口号" classname="com.geek45.AppTest" time="0.322"/>
  <system-out><![CDATA[16:31:40.856 [Test worker] DEBUG org.springframework.test.context.BootstrapUtils - Instantiating CacheAwareContextLoaderDelegate from class [org.springframework.test.context.cache.DefaultCacheAwareContextLoaderDelegate]
16:31:40.863 [Test worker] DEBUG org.springframework.test.context.BootstrapUtils - Instantiating BootstrapContext using constructor [public org.springframework.test.context.support.DefaultBootstrapContext(java.lang.Class,org.springframework.test.context.CacheAwareContextLoaderDelegate)]
16:31:40.908 [Test worker] DEBUG org.springframework.test.context.BootstrapUtils - Instantiating TestContextBootstrapper for test class [com.geek45.AppTest] from class [org.springframework.boot.test.context.SpringBootTestContextBootstrapper]
16:31:40.922 [Test worker] INFO org.springframework.boot.test.context.SpringBootTestContextBootstrapper - Neither @ContextConfiguration nor @ContextHierarchy found for test class [com.geek45.AppTest], using SpringBootContextLoader
16:31:40.926 [Test worker] DEBUG org.springframework.test.context.support.AbstractContextLoader - Did not detect default resource location for test class [com.geek45.AppTest]: class path resource [com/geek45/AppTest-context.xml] does not exist
16:31:40.926 [Test worker] DEBUG org.springframework.test.context.support.AbstractContextLoader - Did not detect default resource location for test class [com.geek45.AppTest]: class path resource [com/geek45/AppTestContext.groovy] does not exist
16:31:40.926 [Test worker] INFO org.springframework.test.context.support.AbstractContextLoader - Could not detect default resource locations for test class [com.geek45.AppTest]: no resource found for suffixes {-context.xml, Context.groovy}.
16:31:40.985 [Test worker] DEBUG org.springframework.test.context.support.ActiveProfilesUtils - Could not find an 'annotation declaring class' for annotation type [org.springframework.test.context.ActiveProfiles] and class [com.geek45.AppTest]
16:31:41.166 [Test worker] DEBUG org.springframework.boot.test.context.SpringBootTestContextBootstrapper - @TestExecutionListeners is not present for class [com.geek45.AppTest]: using defaults.
16:31:41.167 [Test worker] INFO org.springframework.boot.test.context.SpringBootTestContextBootstrapper - Loaded default TestExecutionListener class names from location [META-INF/spring.factories]: [org.springframework.boot.test.autoconfigure.restdocs.RestDocsTestExecutionListener, org.springframework.boot.test.autoconfigure.web.client.MockRestServiceServerResetTestExecutionListener, org.springframework.boot.test.autoconfigure.web.servlet.MockMvcPrintOnlyOnFailureTestExecutionListener, org.springframework.boot.test.autoconfigure.web.servlet.WebDriverTestExecutionListener, org.springframework.boot.test.autoconfigure.webservices.client.MockWebServiceServerTestExecutionListener, org.springframework.boot.test.mock.mockito.MockitoTestExecutionListener, org.springframework.boot.test.mock.mockito.ResetMocksTestExecutionListener, org.springframework.test.context.web.ServletTestExecutionListener, org.springframework.test.context.support.DirtiesContextBeforeModesTestExecutionListener, org.springframework.test.context.event.ApplicationEventsTestExecutionListener, org.springframework.test.context.support.DependencyInjectionTestExecutionListener, org.springframework.test.context.support.DirtiesContextTestExecutionListener, org.springframework.test.context.transaction.TransactionalTestExecutionListener, org.springframework.test.context.jdbc.SqlScriptsTestExecutionListener, org.springframework.test.context.event.EventPublishingTestExecutionListener]
16:31:41.179 [Test worker] DEBUG org.springframework.boot.test.context.SpringBootTestContextBootstrapper - Skipping candidate TestExecutionListener [org.springframework.test.context.transaction.TransactionalTestExecutionListener] due to a missing dependency. Specify custom listener classes or make the default listener classes and their required dependencies available. Offending class: [org/springframework/transaction/TransactionDefinition]
16:31:41.180 [Test worker] DEBUG org.springframework.boot.test.context.SpringBootTestContextBootstrapper - Skipping candidate TestExecutionListener [org.springframework.test.context.jdbc.SqlScriptsTestExecutionListener] due to a missing dependency. Specify custom listener classes or make the default listener classes and their required dependencies available. Offending class: [org/springframework/transaction/interceptor/TransactionAttribute]
16:31:41.181 [Test worker] INFO org.springframework.boot.test.context.SpringBootTestContextBootstrapper - Using TestExecutionListeners: [org.springframework.test.context.web.ServletTestExecutionListener@54e1df65, org.springframework.test.context.support.DirtiesContextBeforeModesTestExecutionListener@70c756cc, org.springframework.test.context.event.ApplicationEventsTestExecutionListener@7cb68e34, org.springframework.boot.test.mock.mockito.MockitoTestExecutionListener@74d0de29, org.springframework.boot.test.autoconfigure.SpringBootDependencyInjectionTestExecutionListener@2e903d21, org.springframework.test.context.support.DirtiesContextTestExecutionListener@642b7f09, org.springframework.test.context.event.EventPublishingTestExecutionListener@2c248a96, org.springframework.boot.test.autoconfigure.restdocs.RestDocsTestExecutionListener@5ef738ad, org.springframework.boot.test.autoconfigure.web.client.MockRestServiceServerResetTestExecutionListener@71216f67, org.springframework.boot.test.autoconfigure.web.servlet.MockMvcPrintOnlyOnFailureTestExecutionListener@4e4d857d, org.springframework.boot.test.autoconfigure.web.servlet.WebDriverTestExecutionListener@4635d618, org.springframework.boot.test.autoconfigure.webservices.client.MockWebServiceServerTestExecutionListener@2160ac23, org.springframework.boot.test.mock.mockito.ResetMocksTestExecutionListener@5b40b53f]
16:31:41.184 [Test worker] DEBUG org.springframework.test.context.support.AbstractDirtiesContextTestExecutionListener - Before test class: context [DefaultTestContext@456b3795 testClass = AppTest, testInstance = [null], testMethod = [null], testException = [null], mergedContextConfiguration = [WebMergedContextConfiguration@69329bb5 testClass = AppTest, locations = '{}', classes = '{class com.geek45.App}', contextInitializerClasses = '[]', activeProfiles = '{}', propertySourceLocations = '{}', propertySourceProperties = '{org.springframework.boot.test.context.SpringBootTestContextBootstrapper=true}', contextCustomizers = set[org.springframework.boot.test.autoconfigure.actuate.metrics.MetricsExportContextCustomizerFactory$DisableMetricExportContextCustomizer@5bb85d0a, org.springframework.boot.test.autoconfigure.properties.PropertyMappingContextCustomizer@0, org.springframework.boot.test.autoconfigure.web.servlet.WebDriverContextCustomizerFactory$Customizer@582026b, org.springframework.boot.test.context.filter.ExcludeFilterContextCustomizer@4ef5c3f3, org.springframework.boot.test.json.DuplicateJsonObjectContextCustomizerFactory$DuplicateJsonObjectContextCustomizer@26a85089, org.springframework.boot.test.mock.mockito.MockitoContextCustomizer@0, org.springframework.boot.test.web.client.TestRestTemplateContextCustomizer@425c5182, org.springframework.boot.test.context.SpringBootTestArgs@1, org.springframework.boot.test.context.SpringBootTestWebEnvironment@37610baf], resourceBasePath = 'src/main/webapp', contextLoader = 'org.springframework.boot.test.context.SpringBootContextLoader', parent = [null]], attributes = map['org.springframework.test.context.web.ServletTestExecutionListener.activateListener' -> true]], class annotated with @DirtiesContext [false] with mode [null].
16:31:41.239 [Test worker] DEBUG org.springframework.boot.ApplicationServletEnvironment - Activating profiles []
16:31:41.240 [Test worker] DEBUG org.springframework.test.context.support.TestPropertySourceUtils - Adding inlined properties to environment: {spring.jmx.enabled=false, org.springframework.boot.test.context.SpringBootTestContextBootstrapper=true}

  .   ____          _            __ _ _
 /\\ / ___'_ __ _ _(_)_ __  __ _ \ \ \ \
( ( )\___ | '_ | '_| | '_ \/ _` | \ \ \ \
 \\/  ___)| |_)| | | | | || (_| |  ) ) ) )
  '  |____| .__|_| |_|_| |_\__, | / / / /
 =========|_|==============|___/=/_/_/_/
 :: Spring Boot ::                (v2.6.2)

2022-01-24 16:31:41.773  INFO 33329 --- [    Test worker] com.geek45.AppTest                       : Starting AppTest using Java 1.8.0_271 on laoqianlaoqiandeMacBook-Pro.local with PID 33329 (started by qian in /Users/qian/IdeaProjects/hello-gradle)
2022-01-24 16:31:41.775  INFO 33329 --- [    Test worker] com.geek45.AppTest                       : No active profile set, falling back to default profiles: default
2022-01-24 16:31:43.990  INFO 33329 --- [    Test worker] com.geek45.AppTest                       : Started AppTest in 2.748 seconds (JVM running for 4.087)
2022-01-24 16:31:44.337  INFO 33329 --- [    Test worker] com.geek45.AppTest                       : port is :9090
]]></system-out>
  <system-err><![CDATA[]]></system-err>
</testsuite>
